<?xml version="1.0" encoding="UTF-8"?>
<testsuite xmlns:xsi="http://www.w3.org/2001/XMLSchema-instance" xsi:noNamespaceSchemaLocation="https://maven.apache.org/surefire/maven-surefire-plugin/xsd/surefire-test-report-3.0.xsd" version="3.0" name="isstrobogrammic.isStrobogrammicCATest" time="0.774" tests="74" errors="0" skipped="0" failures="0">
  <properties>
    <property name="java.specification.version" value="17"/>
    <property name="sun.cpu.isalist" value="amd64"/>
    <property name="sun.jnu.encoding" value="Cp1252"/>
    <property name="java.class.path" value="C:\Users\a.sanmartin\Desktop\IsLeapYearVisual\isLeapYear\target\test-classes;C:\Users\a.sanmartin\Desktop\IsLeapYearVisual\isLeapYear\target\classes;C:\Users\a.sanmartin\.m2\repository\org\junit\jupiter\junit-jupiter-api\5.13.0\junit-jupiter-api-5.13.0.jar;C:\Users\a.sanmartin\.m2\repository\org\opentest4j\opentest4j\1.3.0\opentest4j-1.3.0.jar;C:\Users\a.sanmartin\.m2\repository\org\junit\platform\junit-platform-commons\1.13.0\junit-platform-commons-1.13.0.jar;C:\Users\a.sanmartin\.m2\repository\org\apiguardian\apiguardian-api\1.1.2\apiguardian-api-1.1.2.jar;C:\Users\a.sanmartin\.m2\repository\org\junit\jupiter\junit-jupiter-params\5.13.0\junit-jupiter-params-5.13.0.jar;C:\Users\a.sanmartin\.m2\repository\org\junit\jupiter\junit-jupiter-engine\5.13.0\junit-jupiter-engine-5.13.0.jar;C:\Users\a.sanmartin\.m2\repository\org\junit\platform\junit-platform-engine\1.13.0\junit-platform-engine-1.13.0.jar;C:\Users\a.sanmartin\.m2\repository\org\mockito\mockito-core\5.12.0\mockito-core-5.12.0.jar;C:\Users\a.sanmartin\.m2\repository\net\bytebuddy\byte-buddy\1.14.15\byte-buddy-1.14.15.jar;C:\Users\a.sanmartin\.m2\repository\net\bytebuddy\byte-buddy-agent\1.14.15\byte-buddy-agent-1.14.15.jar;C:\Users\a.sanmartin\.m2\repository\org\objenesis\objenesis\3.3\objenesis-3.3.jar;C:\Users\a.sanmartin\.m2\repository\org\mockito\mockito-junit-jupiter\5.12.0\mockito-junit-jupiter-5.12.0.jar;C:\Users\a.sanmartin\.m2\repository\javax\jdo\jdo-api\3.1\jdo-api-3.1.jar;C:\Users\a.sanmartin\.m2\repository\javax\transaction\transaction-api\1.1\transaction-api-1.1.jar;"/>
    <property name="java.vm.vendor" value="Oracle Corporation"/>
    <property name="sun.arch.data.model" value="64"/>
    <property name="user.variant" value=""/>
    <property name="java.vendor.url" value="https://java.oracle.com/"/>
    <property name="user.timezone" value="Europe/Madrid"/>
    <property name="os.name" value="Windows 11"/>
    <property name="java.vm.specification.version" value="17"/>
    <property name="sun.java.launcher" value="SUN_STANDARD"/>
    <property name="user.country" value="ES"/>
    <property name="sun.boot.library.path" value="C:\Program Files\Java\jdk-17\bin"/>
    <property name="sun.java.command" value="C:\Users\a.sanmartin\AppData\Local\Temp\surefire9408639111558844584\surefirebooter-20250805112639199_3.jar C:\Users\a.sanmartin\AppData\Local\Temp\surefire9408639111558844584 2025-08-05T11-26-39_018-jvmRun1 surefire-20250805112639199_1tmp surefire_0-20250805112639199_2tmp"/>
    <property name="jdk.debug" value="release"/>
    <property name="surefire.test.class.path" value="C:\Users\a.sanmartin\Desktop\IsLeapYearVisual\isLeapYear\target\test-classes;C:\Users\a.sanmartin\Desktop\IsLeapYearVisual\isLeapYear\target\classes;C:\Users\a.sanmartin\.m2\repository\org\junit\jupiter\junit-jupiter-api\5.13.0\junit-jupiter-api-5.13.0.jar;C:\Users\a.sanmartin\.m2\repository\org\opentest4j\opentest4j\1.3.0\opentest4j-1.3.0.jar;C:\Users\a.sanmartin\.m2\repository\org\junit\platform\junit-platform-commons\1.13.0\junit-platform-commons-1.13.0.jar;C:\Users\a.sanmartin\.m2\repository\org\apiguardian\apiguardian-api\1.1.2\apiguardian-api-1.1.2.jar;C:\Users\a.sanmartin\.m2\repository\org\junit\jupiter\junit-jupiter-params\5.13.0\junit-jupiter-params-5.13.0.jar;C:\Users\a.sanmartin\.m2\repository\org\junit\jupiter\junit-jupiter-engine\5.13.0\junit-jupiter-engine-5.13.0.jar;C:\Users\a.sanmartin\.m2\repository\org\junit\platform\junit-platform-engine\1.13.0\junit-platform-engine-1.13.0.jar;C:\Users\a.sanmartin\.m2\repository\org\mockito\mockito-core\5.12.0\mockito-core-5.12.0.jar;C:\Users\a.sanmartin\.m2\repository\net\bytebuddy\byte-buddy\1.14.15\byte-buddy-1.14.15.jar;C:\Users\a.sanmartin\.m2\repository\net\bytebuddy\byte-buddy-agent\1.14.15\byte-buddy-agent-1.14.15.jar;C:\Users\a.sanmartin\.m2\repository\org\objenesis\objenesis\3.3\objenesis-3.3.jar;C:\Users\a.sanmartin\.m2\repository\org\mockito\mockito-junit-jupiter\5.12.0\mockito-junit-jupiter-5.12.0.jar;C:\Users\a.sanmartin\.m2\repository\javax\jdo\jdo-api\3.1\jdo-api-3.1.jar;C:\Users\a.sanmartin\.m2\repository\javax\transaction\transaction-api\1.1\transaction-api-1.1.jar;"/>
    <property name="sun.cpu.endian" value="little"/>
    <property name="user.home" value="C:\Users\a.sanmartin"/>
    <property name="user.language" value="es"/>
    <property name="java.specification.vendor" value="Oracle Corporation"/>
    <property name="java.version.date" value="2024-07-16"/>
    <property name="java.home" value="C:\Program Files\Java\jdk-17"/>
    <property name="file.separator" value="\"/>
    <property name="basedir" value="C:\Users\a.sanmartin\Desktop\IsLeapYearVisual\isLeapYear"/>
    <property name="java.vm.compressedOopsMode" value="Zero based"/>
    <property name="line.separator" value="&#10;"/>
    <property name="java.vm.specification.vendor" value="Oracle Corporation"/>
    <property name="java.specification.name" value="Java Platform API Specification"/>
    <property name="surefire.real.class.path" value="C:\Users\a.sanmartin\AppData\Local\Temp\surefire9408639111558844584\surefirebooter-20250805112639199_3.jar"/>
    <property name="user.script" value=""/>
    <property name="sun.management.compiler" value="HotSpot 64-Bit Tiered Compilers"/>
    <property name="java.runtime.version" value="17.0.12+8-LTS-286"/>
    <property name="user.name" value="a.sanmartin"/>
    <property name="path.separator" value=";"/>
    <property name="os.version" value="10.0"/>
    <property name="java.runtime.name" value="Java(TM) SE Runtime Environment"/>
    <property name="file.encoding" value="Cp1252"/>
    <property name="java.vm.name" value="Java HotSpot(TM) 64-Bit Server VM"/>
    <property name="localRepository" value="C:\Users\a.sanmartin\.m2\repository"/>
    <property name="java.vendor.url.bug" value="https://bugreport.java.com/bugreport/"/>
    <property name="java.io.tmpdir" value="C:\Users\A8162~1.SAN\AppData\Local\Temp\"/>
    <property name="java.version" value="17.0.12"/>
    <property name="user.dir" value="C:\Users\a.sanmartin\Desktop\IsLeapYearVisual\isLeapYear"/>
    <property name="os.arch" value="amd64"/>
    <property name="java.vm.specification.name" value="Java Virtual Machine Specification"/>
    <property name="sun.os.patch.level" value=""/>
    <property name="native.encoding" value="Cp1252"/>
    <property name="java.library.path" value="C:\Program Files\Java\jdk-17\bin;C:\WINDOWS\Sun\Java\bin;C:\WINDOWS\system32;C:\WINDOWS;C:\Program Files\Common Files\Oracle\Java\javapath;C:\Program Files\Maven\apache-maven-3.9.10\bin;C:\Program Files\Java\jdk-17\bin;C:\Users\a.sanmartin\AppData\Local\Programs\Eclipse Adoptium\jdk-21.0.7.6-hotspot\bin;C:\Users\a.sanmartin\AppData\Local\Microsoft\WindowsApps;C:\Users\a.sanmartin\AppData\Local\Programs\Microsoft VS Code\bin;C:\Users\a.sanmartin\AppData\Local\Programs\Git\cmd;c:\Users\a.sanmartin\AppData\Roaming\Code\User\globalStorage\github.copilot-chat\debugCommand;."/>
    <property name="java.vm.info" value="mixed mode, sharing"/>
    <property name="java.vendor" value="Oracle Corporation"/>
    <property name="java.vm.version" value="17.0.12+8-LTS-286"/>
    <property name="sun.io.unicode.encoding" value="UnicodeLittle"/>
    <property name="java.class.version" value="61.0"/>
  </properties>
  <testcase name="testSingleInvalidStrobogrammicDigitReturnsFalse(String)[1]" classname="isstrobogrammic.isStrobogrammicCATest" time="0.08"/>
  <testcase name="testSingleInvalidStrobogrammicDigitReturnsFalse(String)[2]" classname="isstrobogrammic.isStrobogrammicCATest" time="0.002"/>
  <testcase name="testSingleInvalidStrobogrammicDigitReturnsFalse(String)[3]" classname="isstrobogrammic.isStrobogrammicCATest" time="0.004"/>
  <testcase name="testSingleInvalidStrobogrammicDigitReturnsFalse(String)[4]" classname="isstrobogrammic.isStrobogrammicCATest" time="0.004"/>
  <testcase name="testSingleInvalidStrobogrammicDigitReturnsFalse(String)[5]" classname="isstrobogrammic.isStrobogrammicCATest" time="0.003"/>
  <testcase name="testBoundaryValues(String, boolean)[1]" classname="isstrobogrammic.isStrobogrammicCATest" time="0.008"/>
  <testcase name="testBoundaryValues(String, boolean)[2]" classname="isstrobogrammic.isStrobogrammicCATest" time="0.002"/>
  <testcase name="testBoundaryValues(String, boolean)[3]" classname="isstrobogrammic.isStrobogrammicCATest" time="0.004"/>
  <testcase name="testBoundaryValues(String, boolean)[4]" classname="isstrobogrammic.isStrobogrammicCATest" time="0.002"/>
  <testcase name="testBoundaryValues(String, boolean)[5]" classname="isstrobogrammic.isStrobogrammicCATest" time="0.002"/>
  <testcase name="testBoundaryValues(String, boolean)[6]" classname="isstrobogrammic.isStrobogrammicCATest" time="0.003"/>
  <testcase name="testBoundaryValues(String, boolean)[7]" classname="isstrobogrammic.isStrobogrammicCATest" time="0.002"/>
  <testcase name="testBoundaryValues(String, boolean)[8]" classname="isstrobogrammic.isStrobogrammicCATest" time="0.002"/>
  <testcase name="testBoundaryValues(String, boolean)[9]" classname="isstrobogrammic.isStrobogrammicCATest" time="0.001"/>
  <testcase name="testBoundaryValues(String, boolean)[10]" classname="isstrobogrammic.isStrobogrammicCATest" time="0.003"/>
  <testcase name="testBoundaryValues(String, boolean)[11]" classname="isstrobogrammic.isStrobogrammicCATest" time="0.003"/>
  <testcase name="testBoundaryValues(String, boolean)[12]" classname="isstrobogrammic.isStrobogrammicCATest" time="0.002"/>
  <testcase name="testBoundaryValues(String, boolean)[13]" classname="isstrobogrammic.isStrobogrammicCATest" time="0.002"/>
  <testcase name="testBoundaryValues(String, boolean)[14]" classname="isstrobogrammic.isStrobogrammicCATest" time="0.001"/>
  <testcase name="testBoundaryValues(String, boolean)[15]" classname="isstrobogrammic.isStrobogrammicCATest" time="0.001"/>
  <testcase name="testBoundaryValues(String, boolean)[16]" classname="isstrobogrammic.isStrobogrammicCATest" time="0.003"/>
  <testcase name="testSingleValidStrobogrammicDigitReturnsTrue(String)[1]" classname="isstrobogrammic.isStrobogrammicCATest" time="0.003"/>
  <testcase name="testSingleValidStrobogrammicDigitReturnsTrue(String)[2]" classname="isstrobogrammic.isStrobogrammicCATest" time="0.002"/>
  <testcase name="testSingleValidStrobogrammicDigitReturnsTrue(String)[3]" classname="isstrobogrammic.isStrobogrammicCATest" time="0.002"/>
  <testcase name="testInvalidStrobogrammicNumbers(String)[1]" classname="isstrobogrammic.isStrobogrammicCATest" time="0.003"/>
  <testcase name="testInvalidStrobogrammicNumbers(String)[2]" classname="isstrobogrammic.isStrobogrammicCATest" time="0.002"/>
  <testcase name="testInvalidStrobogrammicNumbers(String)[3]" classname="isstrobogrammic.isStrobogrammicCATest" time="0.002"/>
  <testcase name="testInvalidStrobogrammicNumbers(String)[4]" classname="isstrobogrammic.isStrobogrammicCATest" time="0.002"/>
  <testcase name="testInvalidStrobogrammicNumbers(String)[5]" classname="isstrobogrammic.isStrobogrammicCATest" time="0.003"/>
  <testcase name="testInvalidStrobogrammicNumbers(String)[6]" classname="isstrobogrammic.isStrobogrammicCATest" time="0.002"/>
  <testcase name="testInvalidStrobogrammicNumbers(String)[7]" classname="isstrobogrammic.isStrobogrammicCATest" time="0.004"/>
  <testcase name="testInvalidStrobogrammicNumbers(String)[8]" classname="isstrobogrammic.isStrobogrammicCATest" time="0.003"/>
  <testcase name="testInvalidStrobogrammicNumbers(String)[9]" classname="isstrobogrammic.isStrobogrammicCATest" time="0.002"/>
  <testcase name="testInvalidStrobogrammicNumbers(String)[10]" classname="isstrobogrammic.isStrobogrammicCATest" time="0.002"/>
  <testcase name="testInvalidStrobogrammicNumbers(String)[11]" classname="isstrobogrammic.isStrobogrammicCATest" time="0.002"/>
  <testcase name="testInvalidStrobogrammicNumbers(String)[12]" classname="isstrobogrammic.isStrobogrammicCATest" time="0.028"/>
  <testcase name="testInvalidStrobogrammicNumbers(String)[13]" classname="isstrobogrammic.isStrobogrammicCATest" time="0.051"/>
  <testcase name="testValidStrobogrammicNumbers(String)[1]" classname="isstrobogrammic.isStrobogrammicCATest" time="0.002"/>
  <testcase name="testValidStrobogrammicNumbers(String)[2]" classname="isstrobogrammic.isStrobogrammicCATest" time="0.005"/>
  <testcase name="testValidStrobogrammicNumbers(String)[3]" classname="isstrobogrammic.isStrobogrammicCATest" time="0.015"/>
  <testcase name="testValidStrobogrammicNumbers(String)[4]" classname="isstrobogrammic.isStrobogrammicCATest" time="0.014"/>
  <testcase name="testValidStrobogrammicNumbers(String)[5]" classname="isstrobogrammic.isStrobogrammicCATest" time="0.002"/>
  <testcase name="testValidStrobogrammicNumbers(String)[6]" classname="isstrobogrammic.isStrobogrammicCATest" time="0.001"/>
  <testcase name="testValidStrobogrammicNumbers(String)[7]" classname="isstrobogrammic.isStrobogrammicCATest" time="0.003"/>
  <testcase name="testValidStrobogrammicNumbers(String)[8]" classname="isstrobogrammic.isStrobogrammicCATest" time="0.001"/>
  <testcase name="testValidStrobogrammicNumbers(String)[9]" classname="isstrobogrammic.isStrobogrammicCATest" time="0.004"/>
  <testcase name="testValidStrobogrammicNumbers(String)[10]" classname="isstrobogrammic.isStrobogrammicCATest" time="0.002"/>
  <testcase name="testValidStrobogrammicNumbers(String)[11]" classname="isstrobogrammic.isStrobogrammicCATest" time="0.007"/>
  <testcase name="testValidStrobogrammicNumbers(String)[12]" classname="isstrobogrammic.isStrobogrammicCATest" time="0.001"/>
  <testcase name="testValidStrobogrammicNumbers(String)[13]" classname="isstrobogrammic.isStrobogrammicCATest" time="0.002"/>
  <testcase name="testValidStrobogrammicNumbers(String)[14]" classname="isstrobogrammic.isStrobogrammicCATest" time="0.004"/>
  <testcase name="testNullOrEmptyInputReturnsTrue(String)[1]" classname="isstrobogrammic.isStrobogrammicCATest" time="0.004"/>
  <testcase name="testNullOrEmptyInputReturnsTrue(String)[2]" classname="isstrobogrammic.isStrobogrammicCATest" time="0.002"/>
  <testcase name="testEquivalencePartitions(String, boolean)[1]" classname="isstrobogrammic.isStrobogrammicCATest" time="0.002"/>
  <testcase name="testEquivalencePartitions(String, boolean)[2]" classname="isstrobogrammic.isStrobogrammicCATest" time="0.002"/>
  <testcase name="testEquivalencePartitions(String, boolean)[3]" classname="isstrobogrammic.isStrobogrammicCATest" time="0.001"/>
  <testcase name="testEquivalencePartitions(String, boolean)[4]" classname="isstrobogrammic.isStrobogrammicCATest" time="0.002"/>
  <testcase name="testEquivalencePartitions(String, boolean)[5]" classname="isstrobogrammic.isStrobogrammicCATest" time="0.002"/>
  <testcase name="testEquivalencePartitions(String, boolean)[6]" classname="isstrobogrammic.isStrobogrammicCATest" time="0.003"/>
  <testcase name="testEquivalencePartitions(String, boolean)[7]" classname="isstrobogrammic.isStrobogrammicCATest" time="0.002"/>
  <testcase name="testEquivalencePartitions(String, boolean)[8]" classname="isstrobogrammic.isStrobogrammicCATest" time="0.002"/>
  <testcase name="testNonDigitInputReturnsFalse(String)[1]" classname="isstrobogrammic.isStrobogrammicCATest" time="0.001"/>
  <testcase name="testNonDigitInputReturnsFalse(String)[2]" classname="isstrobogrammic.isStrobogrammicCATest" time="0.002"/>
  <testcase name="testNonDigitInputReturnsFalse(String)[3]" classname="isstrobogrammic.isStrobogrammicCATest" time="0.001"/>
  <testcase name="testNonDigitInputReturnsFalse(String)[4]" classname="isstrobogrammic.isStrobogrammicCATest" time="0.001"/>
  <testcase name="testNonDigitInputReturnsFalse(String)[5]" classname="isstrobogrammic.isStrobogrammicCATest" time="0.001"/>
  <testcase name="testNonDigitInputReturnsFalse(String)[6]" classname="isstrobogrammic.isStrobogrammicCATest" time="0.002"/>
  <testcase name="testLeadingTrailingZeros(String, boolean)[1]" classname="isstrobogrammic.isStrobogrammicCATest" time="0.003"/>
  <testcase name="testLeadingTrailingZeros(String, boolean)[2]" classname="isstrobogrammic.isStrobogrammicCATest" time="0.002"/>
  <testcase name="testLeadingTrailingZeros(String, boolean)[3]" classname="isstrobogrammic.isStrobogrammicCATest" time="0.002"/>
  <testcase name="testLeadingTrailingZeros(String, boolean)[4]" classname="isstrobogrammic.isStrobogrammicCATest" time="0.002"/>
  <testcase name="testLeadingTrailingZeros(String, boolean)[5]" classname="isstrobogrammic.isStrobogrammicCATest" time="0.001"/>
  <testcase name="testLeadingTrailingZeros(String, boolean)[6]" classname="isstrobogrammic.isStrobogrammicCATest" time="0.001"/>
  <testcase name="testLeadingTrailingZeros(String, boolean)[7]" classname="isstrobogrammic.isStrobogrammicCATest" time="0.002"/>
</testsuite>