<?xml version="1.0" encoding="UTF-8"?>
<testsuite xmlns:xsi="http://www.w3.org/2001/XMLSchema-instance" xsi:noNamespaceSchemaLocation="https://maven.apache.org/surefire/maven-surefire-plugin/xsd/surefire-test-report-3.0.xsd" version="3.0" name="isleapyear.MiGemini25proV3Test" time="0.629" tests="39" errors="0" skipped="0" failures="0">
  <properties>
    <property name="java.specification.version" value="24"/>
    <property name="sun.cpu.isalist" value="amd64"/>
    <property name="sun.jnu.encoding" value="Cp1252"/>
    <property name="java.class.path" value="C:\Users\a.sanmartin\Desktop\IsLeapYearVisual\isLeapYear\target\test-classes;C:\Users\a.sanmartin\Desktop\IsLeapYearVisual\isLeapYear\target\classes;C:\Users\a.sanmartin\.m2\repository\org\junit\jupiter\junit-jupiter-api\5.13.0\junit-jupiter-api-5.13.0.jar;C:\Users\a.sanmartin\.m2\repository\org\opentest4j\opentest4j\1.3.0\opentest4j-1.3.0.jar;C:\Users\a.sanmartin\.m2\repository\org\junit\platform\junit-platform-commons\1.13.0\junit-platform-commons-1.13.0.jar;C:\Users\a.sanmartin\.m2\repository\org\apiguardian\apiguardian-api\1.1.2\apiguardian-api-1.1.2.jar;C:\Users\a.sanmartin\.m2\repository\org\junit\jupiter\junit-jupiter-params\5.13.0\junit-jupiter-params-5.13.0.jar;C:\Users\a.sanmartin\.m2\repository\org\junit\jupiter\junit-jupiter-engine\5.13.0\junit-jupiter-engine-5.13.0.jar;C:\Users\a.sanmartin\.m2\repository\org\junit\platform\junit-platform-engine\1.13.0\junit-platform-engine-1.13.0.jar;"/>
    <property name="java.vm.vendor" value="Oracle Corporation"/>
    <property name="sun.arch.data.model" value="64"/>
    <property name="user.variant" value=""/>
    <property name="java.vendor.url" value="https://java.oracle.com/"/>
    <property name="user.timezone" value="Europe/Madrid"/>
    <property name="os.name" value="Windows 11"/>
    <property name="java.vm.specification.version" value="24"/>
    <property name="sun.java.launcher" value="SUN_STANDARD"/>
    <property name="user.country" value="ES"/>
    <property name="sun.boot.library.path" value="C:\Users\a.sanmartin\Desktop\IsLeapYearVisual\java open jdk\Oracle_JDK-24\bin"/>
    <property name="sun.java.command" value="C:\Users\a.sanmartin\AppData\Local\Temp\surefire17312828242760573178\surefirebooter-20250625115132132_3.jar C:\Users\a.sanmartin\AppData\Local\Temp\surefire17312828242760573178 2025-06-25T11-51-31_977-jvmRun1 surefire-20250625115132132_1tmp surefire_0-20250625115132132_2tmp"/>
    <property name="jdk.debug" value="release"/>
    <property name="surefire.test.class.path" value="C:\Users\a.sanmartin\Desktop\IsLeapYearVisual\isLeapYear\target\test-classes;C:\Users\a.sanmartin\Desktop\IsLeapYearVisual\isLeapYear\target\classes;C:\Users\a.sanmartin\.m2\repository\org\junit\jupiter\junit-jupiter-api\5.13.0\junit-jupiter-api-5.13.0.jar;C:\Users\a.sanmartin\.m2\repository\org\opentest4j\opentest4j\1.3.0\opentest4j-1.3.0.jar;C:\Users\a.sanmartin\.m2\repository\org\junit\platform\junit-platform-commons\1.13.0\junit-platform-commons-1.13.0.jar;C:\Users\a.sanmartin\.m2\repository\org\apiguardian\apiguardian-api\1.1.2\apiguardian-api-1.1.2.jar;C:\Users\a.sanmartin\.m2\repository\org\junit\jupiter\junit-jupiter-params\5.13.0\junit-jupiter-params-5.13.0.jar;C:\Users\a.sanmartin\.m2\repository\org\junit\jupiter\junit-jupiter-engine\5.13.0\junit-jupiter-engine-5.13.0.jar;C:\Users\a.sanmartin\.m2\repository\org\junit\platform\junit-platform-engine\1.13.0\junit-platform-engine-1.13.0.jar;"/>
    <property name="sun.cpu.endian" value="little"/>
    <property name="user.home" value="C:\Users\a.sanmartin"/>
    <property name="user.language" value="es"/>
    <property name="java.specification.vendor" value="Oracle Corporation"/>
    <property name="java.version.date" value="2025-04-15"/>
    <property name="java.home" value="C:\Users\a.sanmartin\Desktop\IsLeapYearVisual\java open jdk\Oracle_JDK-24"/>
    <property name="file.separator" value="\"/>
    <property name="basedir" value="C:\Users\a.sanmartin\Desktop\IsLeapYearVisual\isLeapYear"/>
    <property name="java.vm.compressedOopsMode" value="Zero based"/>
    <property name="line.separator" value="&#10;"/>
    <property name="java.vm.specification.vendor" value="Oracle Corporation"/>
    <property name="java.specification.name" value="Java Platform API Specification"/>
    <property name="surefire.real.class.path" value="C:\Users\a.sanmartin\AppData\Local\Temp\surefire17312828242760573178\surefirebooter-20250625115132132_3.jar"/>
    <property name="user.script" value=""/>
    <property name="sun.management.compiler" value="HotSpot 64-Bit Tiered Compilers"/>
    <property name="java.runtime.version" value="24.0.1+9-30"/>
    <property name="user.name" value="a.sanmartin"/>
    <property name="stdout.encoding" value="Cp1252"/>
    <property name="path.separator" value=";"/>
    <property name="os.version" value="10.0"/>
    <property name="java.runtime.name" value="Java(TM) SE Runtime Environment"/>
    <property name="file.encoding" value="UTF-8"/>
    <property name="java.vm.name" value="Java HotSpot(TM) 64-Bit Server VM"/>
    <property name="localRepository" value="C:\Users\a.sanmartin\.m2\repository"/>
    <property name="java.vendor.url.bug" value="https://bugreport.java.com/bugreport/"/>
    <property name="java.io.tmpdir" value="C:\Users\A8162~1.SAN\AppData\Local\Temp\"/>
    <property name="java.version" value="24.0.1"/>
    <property name="user.dir" value="C:\Users\a.sanmartin\Desktop\IsLeapYearVisual\isLeapYear"/>
    <property name="os.arch" value="amd64"/>
    <property name="java.vm.specification.name" value="Java Virtual Machine Specification"/>
    <property name="sun.os.patch.level" value=""/>
    <property name="native.encoding" value="Cp1252"/>
    <property name="java.library.path" value="C:\Users\a.sanmartin\Desktop\IsLeapYearVisual\java open jdk\Oracle_JDK-24\bin;C:\WINDOWS\Sun\Java\bin;C:\WINDOWS\system32;C:\WINDOWS;C:\WINDOWS\system32;C:\WINDOWS;C:\WINDOWS\System32\Wbem;C:\WINDOWS\System32\WindowsPowerShell\v1.0\;C:\WINDOWS\System32\OpenSSH\;C:\Program Files\dotnet\;C:\Users\a.sanmartin\Desktop\IsLeapYearVisual\apache-maven-3.9.10-bin\apache-maven-3.9.10\bin;C:\Users\a.sanmartin\Desktop\IsLeapYearVisual\java open jdk\Oracle_JDK-24\bin;C:\Users\a.sanmartin\AppData\Local\Programs\Eclipse Adoptium\jdk-21.0.7.6-hotspot\bin;C:\Users\a.sanmartin\AppData\Local\Microsoft\WindowsApps;C:\Users\a.sanmartin\AppData\Local\Programs\Microsoft VS Code\bin;C:\Users\a.sanmartin\AppData\Local\Programs\Git\cmd;c:\Users\a.sanmartin\AppData\Roaming\Code\User\globalStorage\github.copilot-chat\debugCommand;."/>
    <property name="java.vm.info" value="mixed mode, sharing"/>
    <property name="stderr.encoding" value="Cp1252"/>
    <property name="java.vendor" value="Oracle Corporation"/>
    <property name="java.vm.version" value="24.0.1+9-30"/>
    <property name="sun.io.unicode.encoding" value="UnicodeLittle"/>
    <property name="java.class.version" value="68.0"/>
  </properties>
  <testcase name="testIsLeapYear_withNullInput_shouldThrowNullPointerException" classname="isleapyear.MiGemini25proV3Test" time="0.099"/>
  <testcase name="testIsLeapYear_withYearsNotDivisibleByFour_shouldReturnFalse(String)[1]" classname="isleapyear.MiGemini25proV3Test" time="0.024"/>
  <testcase name="testIsLeapYear_withYearsNotDivisibleByFour_shouldReturnFalse(String)[2]" classname="isleapyear.MiGemini25proV3Test" time="0.002"/>
  <testcase name="testIsLeapYear_withYearsNotDivisibleByFour_shouldReturnFalse(String)[3]" classname="isleapyear.MiGemini25proV3Test" time="0.003"/>
  <testcase name="testIsLeapYear_withValidLeapYears_shouldReturnTrue(String)[1]" classname="isleapyear.MiGemini25proV3Test" time="0.005"/>
  <testcase name="testIsLeapYear_withValidLeapYears_shouldReturnTrue(String)[2]" classname="isleapyear.MiGemini25proV3Test" time="0.003"/>
  <testcase name="testIsLeapYear_withValidLeapYears_shouldReturnTrue(String)[3]" classname="isleapyear.MiGemini25proV3Test" time="0.002"/>
  <testcase name="testIsLeapYear_withValidLeapYears_shouldReturnTrue(String)[4]" classname="isleapyear.MiGemini25proV3Test" time="0.007"/>
  <testcase name="testIsLeapYear_withEquivalencePartitions(String, boolean)[1]" classname="isleapyear.MiGemini25proV3Test" time="0.036"/>
  <testcase name="testIsLeapYear_withEquivalencePartitions(String, boolean)[2]" classname="isleapyear.MiGemini25proV3Test" time="0.002"/>
  <testcase name="testIsLeapYear_withEquivalencePartitions(String, boolean)[3]" classname="isleapyear.MiGemini25proV3Test" time="0.001"/>
  <testcase name="testIsLeapYear_withEquivalencePartitions(String, boolean)[4]" classname="isleapyear.MiGemini25proV3Test" time="0.002"/>
  <testcase name="testIsLeapYear_withEquivalencePartitions(String, boolean)[5]" classname="isleapyear.MiGemini25proV3Test" time="0.001"/>
  <testcase name="testIsLeapYear_withEquivalencePartitions(String, boolean)[6]" classname="isleapyear.MiGemini25proV3Test" time="0.002"/>
  <testcase name="testIsLeapYear_withEquivalencePartitions(String, boolean)[7]" classname="isleapyear.MiGemini25proV3Test" time="0.001"/>
  <testcase name="testIsLeapYear_withEquivalencePartitions(String, boolean)[8]" classname="isleapyear.MiGemini25proV3Test" time="0.003"/>
  <testcase name="testIsLeapYear_withEquivalencePartitions(String, boolean)[9]" classname="isleapyear.MiGemini25proV3Test" time="0.003"/>
  <testcase name="testIsLeapYear_withEquivalencePartitions(String, boolean)[10]" classname="isleapyear.MiGemini25proV3Test" time="0.002"/>
  <testcase name="testIsLeapYear_withYearsNotGreaterThanZero_shouldReturnFalse(String)[1]" classname="isleapyear.MiGemini25proV3Test" time="0.004"/>
  <testcase name="testIsLeapYear_withYearsNotGreaterThanZero_shouldReturnFalse(String)[2]" classname="isleapyear.MiGemini25proV3Test" time="0.004"/>
  <testcase name="testIsLeapYear_withYearsNotGreaterThanZero_shouldReturnFalse(String)[3]" classname="isleapyear.MiGemini25proV3Test" time="0.004"/>
  <testcase name="testIsLeapYear_withYearsGreaterThan2100_shouldReturnFalse(String)[1]" classname="isleapyear.MiGemini25proV3Test" time="0.003"/>
  <testcase name="testIsLeapYear_withYearsGreaterThan2100_shouldReturnFalse(String)[2]" classname="isleapyear.MiGemini25proV3Test" time="0.003"/>
  <testcase name="testIsLeapYear_withYearsGreaterThan2100_shouldReturnFalse(String)[3]" classname="isleapyear.MiGemini25proV3Test" time="0.002"/>
  <testcase name="testIsLeapYear_withNonNumericInput_shouldThrowNumberFormatException(String)[1]" classname="isleapyear.MiGemini25proV3Test" time="0.003"/>
  <testcase name="testIsLeapYear_withNonNumericInput_shouldThrowNumberFormatException(String)[2]" classname="isleapyear.MiGemini25proV3Test" time="0.002"/>
  <testcase name="testIsLeapYear_withNonNumericInput_shouldThrowNumberFormatException(String)[3]" classname="isleapyear.MiGemini25proV3Test" time="0.001"/>
  <testcase name="testIsLeapYear_withNonNumericInput_shouldThrowNumberFormatException(String)[4]" classname="isleapyear.MiGemini25proV3Test" time="0.001"/>
  <testcase name="testIsLeapYear_withEmptyInput_shouldThrowEmptyException" classname="isleapyear.MiGemini25proV3Test" time="0.002"/>
  <testcase name="testIsLeapYear_withBoundaryValues(String, boolean)[1]" classname="isleapyear.MiGemini25proV3Test" time="0.001"/>
  <testcase name="testIsLeapYear_withBoundaryValues(String, boolean)[2]" classname="isleapyear.MiGemini25proV3Test" time="0.001"/>
  <testcase name="testIsLeapYear_withBoundaryValues(String, boolean)[3]" classname="isleapyear.MiGemini25proV3Test" time="0.002"/>
  <testcase name="testIsLeapYear_withBoundaryValues(String, boolean)[4]" classname="isleapyear.MiGemini25proV3Test" time="0.002"/>
  <testcase name="testIsLeapYear_withBoundaryValues(String, boolean)[5]" classname="isleapyear.MiGemini25proV3Test" time="0.001"/>
  <testcase name="testIsLeapYear_withBoundaryValues(String, boolean)[6]" classname="isleapyear.MiGemini25proV3Test" time="0.001"/>
  <testcase name="testIsLeapYear_withBoundaryValues(String, boolean)[7]" classname="isleapyear.MiGemini25proV3Test" time="0.001"/>
  <testcase name="testIsLeapYear_withBoundaryValues(String, boolean)[8]" classname="isleapyear.MiGemini25proV3Test" time="0.001"/>
  <testcase name="testIsLeapYear_withBoundaryValues(String, boolean)[9]" classname="isleapyear.MiGemini25proV3Test" time="0.002"/>
  <testcase name="testIsLeapYear_withBoundaryValues(String, boolean)[10]" classname="isleapyear.MiGemini25proV3Test" time="0.001"/>
</testsuite>